2025-08-26 23:15:46,185 - __main__ - INFO - 서버 시작: http://0.0.0.0:8000
2025-08-26 23:15:46,186 - __main__ - INFO - API 문서: http://0.0.0.0:8000/docs
2025-08-26 23:15:46,300 - main - INFO - 퀀트 트레이딩 시스템 시작 중...
2025-08-26 23:15:46,331 - database - INFO - 데이터베이스 초기화 완료
2025-08-26 23:15:46,332 - main - INFO - 초기 거래 모드: DEMO
2025-08-26 23:15:46,335 - data.kiwoom_mock - INFO - 키움 API 연결 시도 중...
2025-08-26 23:15:48,351 - data.kiwoom_mock - INFO - 키움 API 연결 완료 (모의투자 모드)
2025-08-26 23:15:48,352 - trading_engine_manager - INFO - 트레이딩 엔진 초기화 중...
2025-08-26 23:15:48,353 - trading_engine_manager - INFO - 트레이딩 엔진 초기화 완료
2025-08-26 23:15:48,353 - main - INFO - 시스템 초기화 완료 - 모드: DEMO
2025-08-26 23:15:48,354 - trading_engine_manager - INFO - 트레이딩 루프 시작
2025-08-26 23:15:48,355 - trading_engine_manager - ERROR - 트레이딩 루프 오류: name 'asyncio' is not defined
2025-08-26 23:15:48,355 - trading_engine_manager - INFO - 트레이딩 루프 종료
2025-08-27 11:45:50,055 - __main__ - INFO - 서버 시작: http://0.0.0.0:8000
2025-08-27 11:45:50,056 - __main__ - INFO - API 문서: http://0.0.0.0:8000/docs
2025-08-27 11:45:50,158 - main - INFO - 퀀트 트레이딩 시스템 시작 중...
2025-08-27 11:45:50,175 - database - INFO - 데이터베이스 초기화 완료
2025-08-27 11:45:50,175 - main - INFO - 초기 거래 모드: DEMO
2025-08-27 11:45:50,178 - data.kiwoom_mock - INFO - 키움 API 연결 시도 중...
2025-08-27 11:45:52,183 - data.kiwoom_mock - INFO - 키움 API 연결 완료 (모의투자 모드)
2025-08-27 11:45:52,183 - trading_engine_manager - INFO - 트레이딩 엔진 초기화 중...
2025-08-27 11:45:52,183 - trading_engine_manager - INFO - 트레이딩 엔진 초기화 완료
2025-08-27 11:45:52,183 - main - INFO - 시스템 초기화 완료 - 모드: DEMO
2025-08-27 11:45:52,184 - trading_engine_manager - INFO - 트레이딩 루프 시작
2025-08-27 11:45:52,184 - trading_engine_manager - ERROR - 트레이딩 루프 오류: name 'asyncio' is not defined
2025-08-27 11:45:52,184 - trading_engine_manager - INFO - 트레이딩 루프 종료
2025-08-27 11:46:55,829 - trading_engine_manager - INFO - 자동매매 시작됨
2025-08-27 11:46:55,829 - api - INFO - 자동매매 시작됨
2025-08-27 11:47:38,958 - api - INFO - 전략 비활성화: 2
2025-08-27 11:47:42,096 - api - INFO - 전략 비활성화: 1
2025-08-27 11:47:43,205 - api - INFO - 전략 활성화: 3
2025-08-27 11:48:10,786 - trading_engine_manager - INFO - 자동매매 시작됨
2025-08-27 11:48:10,787 - api - INFO - 자동매매 시작됨
2025-08-27 11:48:27,571 - trading_engine_manager - INFO - 자동매매 시작됨
2025-08-27 11:48:27,572 - api - INFO - 자동매매 시작됨
2025-08-27 11:49:06,163 - trading_engine_manager - CRITICAL - 긴급중단 실행됨
2025-08-27 11:49:06,163 - api - CRITICAL - 긴급중단 실행됨
2025-08-27 11:49:38,282 - trading_engine_manager - CRITICAL - 긴급중단 실행됨
2025-08-27 11:49:38,282 - api - CRITICAL - 긴급중단 실행됨
2025-08-27 11:59:50,441 - trading_engine_manager - CRITICAL - 긴급중단 실행됨
2025-08-27 11:59:50,441 - api - CRITICAL - 긴급중단 실행됨
2025-08-27 11:59:59,337 - trading_engine_manager - INFO - 자동매매 시작됨
2025-08-27 11:59:59,337 - api - INFO - 자동매매 시작됨
2025-08-27 12:00:12,815 - trading_engine_manager - CRITICAL - 긴급중단 실행됨
2025-08-27 12:00:12,815 - api - CRITICAL - 긴급중단 실행됨
2025-08-27 12:13:02,987 - trading_engine_manager - INFO - 자동매매 시작됨
2025-08-27 12:13:02,987 - api - INFO - 자동매매 시작됨
2025-08-27 12:13:16,424 - trading_engine_manager - CRITICAL - 긴급중단 실행됨
2025-08-27 12:13:16,424 - api - CRITICAL - 긴급중단 실행됨
2025-08-27 12:26:29,614 - trading_engine_manager - CRITICAL - 긴급중단 실행됨
2025-08-27 12:26:29,615 - api - CRITICAL - 긴급중단 실행됨
