2025-08-23 20:22:56,985 - backtesting.engine - INFO - Starting backtest execution
2025-08-23 20:22:56,988 - backtesting.engine - ERROR - Error loading backtest data: No columns to parse from file
2025-08-23 20:22:56,989 - backtesting.engine - ERROR - Failed to load backtest data
2025-08-23 20:30:48,871 - backtesting.engine - INFO - Starting backtest execution
2025-08-23 20:30:48,873 - backtesting.engine - ERROR - Error loading backtest data: No columns to parse from file
2025-08-23 20:30:48,874 - backtesting.engine - ERROR - Failed to load backtest data
2025-08-23 20:35:17,451 - backtesting.engine - INFO - Starting backtest execution
2025-08-23 20:35:17,469 - backtesting.engine - ERROR - Error loading backtest data: No columns to parse from file
2025-08-23 20:35:17,469 - backtesting.engine - ERROR - Failed to load backtest data
2025-08-23 20:40:54,628 - backtesting.engine - INFO - Starting backtest execution
2025-08-23 20:40:56,056 - backtesting.engine - INFO - Loaded data: 18270 records, 14 symbols
2025-08-23 20:40:56,058 - strategies.strategy_combiner - INFO - Created strategy: Momentum
2025-08-23 20:40:56,058 - strategies.strategy_combiner - INFO - Combined 1 strategies
2025-08-23 20:40:56,334 - backtesting.portfolio - INFO - Bought 156 shares of GOOGL at $128.17
2025-08-23 20:40:56,335 - backtesting.portfolio - INFO - Bought 76 shares of MSFT at $261.73
2025-08-23 20:40:56,335 - backtesting.portfolio - INFO - Bought 42 shares of NVDA at $475.18
2025-08-23 20:40:56,335 - backtesting.portfolio - INFO - Bought 133 shares of JPM at $150.04
2025-08-23 20:40:56,335 - backtesting.portfolio - INFO - Bought 65 shares of BRK.B at $304.46
2025-08-23 20:40:56,387 - backtesting.portfolio - INFO - Sold 5 shares of JPM at $157.33
2025-08-23 20:40:56,387 - backtesting.portfolio - INFO - Bought 1 shares of MSFT at $259.34
2025-08-23 20:40:56,439 - backtesting.portfolio - INFO - Sold 27 shares of GOOGL at $129.90
2025-08-23 20:40:56,439 - backtesting.portfolio - INFO - Sold 77 shares of MSFT at $256.40
2025-08-23 20:40:56,440 - backtesting.portfolio - INFO - Sold 7 shares of NVDA at $466.88
2025-08-23 20:40:56,440 - backtesting.portfolio - INFO - Sold 18 shares of JPM at $151.40
2025-08-23 20:40:56,440 - backtesting.portfolio - INFO - Sold 13 shares of BRK.B at $319.22
2025-08-23 20:40:56,440 - backtesting.portfolio - INFO - Bought 71 shares of META at $235.37
2025-08-23 20:40:56,441 - backtesting.portfolio - INFO - Bought 135 shares of AAPL at $123.93
2025-08-23 20:40:56,558 - backtesting.portfolio - INFO - Sold 129 shares of GOOGL at $152.50
2025-08-23 20:40:56,561 - backtesting.portfolio - INFO - Sold 35 shares of NVDA at $383.01
2025-08-23 20:40:56,562 - backtesting.portfolio - INFO - Sold 71 shares of META at $170.67
2025-08-23 20:40:56,562 - backtesting.portfolio - INFO - Sold 5 shares of BRK.B at $452.56
2025-08-23 20:40:56,562 - backtesting.portfolio - INFO - Bought 70 shares of MSFT at $305.35
2025-08-23 20:40:56,562 - backtesting.portfolio - INFO - Bought 30 shares of AAPL at $129.84
2025-08-23 20:40:56,563 - backtesting.portfolio - INFO - Bought 4 shares of JPM at $188.83
2025-08-23 20:40:56,563 - backtesting.portfolio - INFO - Bought 55 shares of SPY at $387.34
2025-08-23 20:40:56,607 - backtesting.portfolio - INFO - Sold 2 shares of MSFT at $314.37
2025-08-23 20:40:56,608 - backtesting.portfolio - INFO - Sold 1 shares of SPY at $398.50
2025-08-23 20:40:56,608 - backtesting.portfolio - INFO - Bought 6 shares of AAPL at $125.88
2025-08-23 20:40:56,608 - backtesting.portfolio - INFO - Bought 1 shares of JPM at $186.35
2025-08-23 20:40:56,656 - backtesting.portfolio - INFO - Sold 11 shares of MSFT at $308.57
2025-08-23 20:40:56,657 - backtesting.portfolio - INFO - Sold 30 shares of AAPL at $126.12
2025-08-23 20:40:56,657 - backtesting.portfolio - INFO - Sold 19 shares of JPM at $185.79
2025-08-23 20:40:56,657 - backtesting.portfolio - INFO - Sold 9 shares of SPY at $390.57
2025-08-23 20:40:56,657 - backtesting.portfolio - INFO - Sold 8 shares of BRK.B at $452.03
2025-08-23 20:40:56,657 - backtesting.portfolio - INFO - Bought 133 shares of PG at $133.33
2025-08-23 20:40:56,766 - backtesting.portfolio - INFO - Sold 57 shares of MSFT at $328.53
2025-08-23 20:40:56,766 - backtesting.portfolio - INFO - Sold 33 shares of AAPL at $139.41
2025-08-23 20:40:56,766 - backtesting.portfolio - INFO - Sold 52 shares of PG at $185.80
2025-08-23 20:40:56,766 - backtesting.portfolio - INFO - Sold 96 shares of JPM at $178.44
2025-08-23 20:40:56,767 - backtesting.portfolio - INFO - Sold 13 shares of SPY at $464.87
2025-08-23 20:40:56,767 - backtesting.portfolio - INFO - Sold 9 shares of BRK.B at $498.18
2025-08-23 20:40:56,767 - backtesting.portfolio - INFO - Bought 83 shares of JNJ at $181.61
2025-08-23 20:40:56,767 - backtesting.portfolio - INFO - Bought 89 shares of META at $170.02
2025-08-23 20:40:56,767 - backtesting.portfolio - INFO - Bought 88 shares of WMT at $171.87
2025-08-23 20:40:56,767 - backtesting.portfolio - INFO - Bought 249 shares of KO at $60.96
2025-08-23 20:40:56,818 - backtesting.portfolio - INFO - Sold 108 shares of AAPL at $137.01
2025-08-23 20:40:56,819 - backtesting.portfolio - INFO - Bought 10 shares of JNJ at $188.35
2025-08-23 20:40:56,819 - backtesting.portfolio - INFO - Bought 13 shares of META at $170.85
2025-08-23 20:40:56,819 - backtesting.portfolio - INFO - Bought 12 shares of WMT at $173.51
2025-08-23 20:40:56,819 - backtesting.portfolio - INFO - Bought 11 shares of PG at $189.57
2025-08-23 20:40:56,819 - backtesting.portfolio - INFO - Bought 31 shares of KO at $62.44
2025-08-23 20:40:56,820 - backtesting.portfolio - INFO - Bought 5 shares of SPY at $467.41
2025-08-23 20:40:56,820 - backtesting.portfolio - INFO - Bought 5 shares of BRK.B at $498.56
2025-08-23 20:40:56,870 - backtesting.portfolio - INFO - Sold 6 shares of KO at $63.93
2025-08-23 20:40:56,871 - backtesting.portfolio - INFO - Sold 1 shares of SPY at $479.80
2025-08-23 20:40:56,871 - backtesting.portfolio - INFO - Sold 1 shares of BRK.B at $513.59
2025-08-23 20:40:56,871 - backtesting.portfolio - INFO - Bought 2 shares of JNJ at $183.50
2025-08-23 20:40:56,871 - backtesting.portfolio - INFO - Bought 1 shares of META at $169.65
2025-08-23 20:40:56,871 - backtesting.portfolio - INFO - Bought 3 shares of PG at $183.96
2025-08-23 20:40:56,988 - backtesting.portfolio - INFO - Sold 95 shares of JNJ at $197.53
2025-08-23 20:40:56,989 - backtesting.portfolio - INFO - Sold 103 shares of META at $145.21
2025-08-23 20:40:56,989 - backtesting.portfolio - INFO - Sold 100 shares of WMT at $163.49
2025-08-23 20:40:56,989 - backtesting.portfolio - INFO - Sold 11 shares of PG at $177.69
2025-08-23 20:40:56,989 - backtesting.portfolio - INFO - Sold 29 shares of KO at $60.97
2025-08-23 20:40:56,990 - backtesting.portfolio - INFO - Sold 5 shares of SPY at $474.88
2025-08-23 20:40:56,990 - backtesting.portfolio - INFO - Sold 6 shares of BRK.B at $530.53
2025-08-23 20:40:56,990 - backtesting.portfolio - INFO - Bought 143 shares of TSLA at $104.15
2025-08-23 20:40:56,990 - backtesting.portfolio - INFO - Bought 91 shares of AAPL at $164.34
2025-08-23 20:40:56,990 - backtesting.portfolio - INFO - Bought 61 shares of JPM at $241.64
2025-08-23 20:40:56,990 - backtesting.portfolio - INFO - Bought 83 shares of AMZN at $178.25
2025-08-23 20:40:57,039 - backtesting.portfolio - INFO - Sold 2 shares of TSLA at $104.71
2025-08-23 20:40:57,039 - backtesting.portfolio - INFO - Sold 91 shares of AAPL at $153.77
2025-08-23 20:40:57,039 - backtesting.portfolio - INFO - Sold 2 shares of JPM at $250.83
2025-08-23 20:40:57,039 - backtesting.portfolio - INFO - Sold 1 shares of BRK.B at $533.32
2025-08-23 20:40:57,040 - backtesting.portfolio - INFO - Bought 74 shares of JNJ at $198.94
2025-08-23 20:40:57,040 - backtesting.portfolio - INFO - Bought 1 shares of AMZN at $176.31
2025-08-23 20:40:57,040 - backtesting.portfolio - INFO - Bought 1 shares of KO at $60.07
2025-08-23 20:40:57,149 - backtesting.portfolio - INFO - Sold 2 shares of JNJ at $248.79
2025-08-23 20:40:57,150 - backtesting.portfolio - INFO - Sold 141 shares of TSLA at $114.58
2025-08-23 20:40:57,150 - backtesting.portfolio - INFO - Sold 59 shares of JPM at $254.69
2025-08-23 20:40:57,150 - backtesting.portfolio - INFO - Sold 246 shares of KO at $67.23
2025-08-23 20:40:57,151 - backtesting.portfolio - INFO - Bought 40 shares of MSFT at $442.80
2025-08-23 20:40:57,151 - backtesting.portfolio - INFO - Bought 101 shares of AAPL at $176.58
2025-08-23 20:40:57,151 - backtesting.portfolio - INFO - Bought 23 shares of PG at $167.20
2025-08-23 20:40:57,151 - backtesting.portfolio - INFO - Bought 8 shares of AMZN at $195.09
2025-08-23 20:40:57,151 - backtesting.portfolio - INFO - Bought 10 shares of SPY at $434.60
2025-08-23 20:40:57,151 - backtesting.portfolio - INFO - Bought 5 shares of BRK.B at $551.95
2025-08-23 20:40:57,200 - backtesting.portfolio - INFO - Sold 41 shares of SPY at $417.67
2025-08-23 20:40:57,200 - backtesting.portfolio - INFO - Bought 6 shares of MSFT at $450.75
2025-08-23 20:40:57,201 - backtesting.portfolio - INFO - Bought 12 shares of JNJ at $247.77
2025-08-23 20:40:57,201 - backtesting.portfolio - INFO - Bought 14 shares of AAPL at $180.76
2025-08-23 20:40:57,201 - backtesting.portfolio - INFO - Bought 14 shares of PG at $171.77
2025-08-23 20:40:57,201 - backtesting.portfolio - INFO - Bought 17 shares of AMZN at $191.42
2025-08-23 20:40:57,201 - backtesting.portfolio - INFO - Bought 6 shares of BRK.B at $542.91
2025-08-23 20:40:57,243 - backtesting.portfolio - INFO - Sold 84 shares of JNJ at $242.09
2025-08-23 20:40:57,245 - backtesting.portfolio - INFO - Bought 9 shares of MSFT at $456.46
2025-08-23 20:40:57,246 - backtesting.portfolio - INFO - Bought 22 shares of AAPL at $183.71
2025-08-23 20:40:57,246 - backtesting.portfolio - INFO - Bought 25 shares of PG at $172.83
2025-08-23 20:40:57,246 - backtesting.portfolio - INFO - Bought 20 shares of AMZN at $195.84
2025-08-23 20:40:57,246 - backtesting.portfolio - INFO - Bought 8 shares of BRK.B at $546.49
2025-08-23 20:40:57,350 - backtesting.portfolio - INFO - Sold 55 shares of MSFT at $401.52
2025-08-23 20:40:57,351 - backtesting.portfolio - INFO - Sold 31 shares of PG at $212.73
2025-08-23 20:40:57,351 - backtesting.portfolio - INFO - Sold 9 shares of AAPL at $191.66
2025-08-23 20:40:57,351 - backtesting.portfolio - INFO - Sold 129 shares of AMZN at $176.24
2025-08-23 20:40:57,351 - backtesting.portfolio - INFO - Sold 46 shares of BRK.B at $448.55
2025-08-23 20:40:57,351 - backtesting.portfolio - INFO - Bought 167 shares of META at $147.22
2025-08-23 20:40:57,352 - backtesting.portfolio - INFO - Bought 72 shares of JPM at $339.88
2025-08-23 20:40:57,352 - backtesting.portfolio - INFO - Bought 56 shares of SPY at $439.75
2025-08-23 20:40:57,403 - backtesting.portfolio - INFO - Sold 49 shares of META at $149.15
2025-08-23 20:40:57,403 - backtesting.portfolio - INFO - Sold 30 shares of PG at $207.40
2025-08-23 20:40:57,404 - backtesting.portfolio - INFO - Sold 37 shares of AAPL at $193.64
2025-08-23 20:40:57,404 - backtesting.portfolio - INFO - Sold 23 shares of JPM at $355.33
2025-08-23 20:40:57,404 - backtesting.portfolio - INFO - Sold 15 shares of SPY at $428.61
2025-08-23 20:40:57,404 - backtesting.portfolio - INFO - Bought 142 shares of GOOGL at $123.79
2025-08-23 20:40:57,404 - backtesting.portfolio - INFO - Bought 70 shares of JNJ at $251.30
2025-08-23 20:40:57,454 - backtesting.portfolio - INFO - Sold 70 shares of JNJ at $249.71
2025-08-23 20:40:57,455 - backtesting.portfolio - INFO - Bought 21 shares of GOOGL at $126.93
2025-08-23 20:40:57,455 - backtesting.portfolio - INFO - Bought 18 shares of META at $151.55
2025-08-23 20:40:57,455 - backtesting.portfolio - INFO - Bought 16 shares of PG at $203.71
2025-08-23 20:40:57,456 - backtesting.portfolio - INFO - Bought 18 shares of AAPL at $188.63
2025-08-23 20:40:57,456 - backtesting.portfolio - INFO - Bought 8 shares of JPM at $359.11
2025-08-23 20:40:57,456 - backtesting.portfolio - INFO - Bought 5 shares of SPY at $443.34
2025-08-23 20:40:57,567 - backtesting.portfolio - INFO - Sold 163 shares of GOOGL at $120.50
2025-08-23 20:40:57,568 - backtesting.portfolio - INFO - Sold 136 shares of META at $114.59
2025-08-23 20:40:57,568 - backtesting.portfolio - INFO - Sold 101 shares of PG at $144.58
2025-08-23 20:40:57,568 - backtesting.portfolio - INFO - Sold 109 shares of AAPL at $191.45
2025-08-23 20:40:57,569 - backtesting.portfolio - INFO - Sold 57 shares of JPM at $244.80
2025-08-23 20:40:57,569 - backtesting.portfolio - INFO - Bought 323 shares of AMZN at $176.40
2025-08-23 20:40:57,569 - backtesting.portfolio - INFO - Bought 45 shares of SPY at $622.73
2025-08-23 20:40:57,613 - backtesting.portfolio - INFO - Sold 112 shares of AMZN at $179.03
2025-08-23 20:40:57,614 - backtesting.portfolio - INFO - Sold 29 shares of SPY at $608.12
2025-08-23 20:40:57,615 - backtesting.portfolio - INFO - Bought 530 shares of KO at $71.39
2025-08-23 20:40:57,721 - backtesting.portfolio - INFO - Sold 211 shares of AMZN at $224.36
2025-08-23 20:40:57,721 - backtesting.portfolio - INFO - Sold 233 shares of KO at $88.04
2025-08-23 20:40:57,721 - backtesting.portfolio - INFO - Sold 62 shares of SPY at $589.93
2025-08-23 20:40:57,722 - backtesting.portfolio - INFO - Bought 67 shares of MSFT at $386.75
2025-08-23 20:40:57,722 - backtesting.portfolio - INFO - Bought 137 shares of JNJ at $189.75
2025-08-23 20:40:57,722 - backtesting.portfolio - INFO - Bought 133 shares of WMT at $195.48
2025-08-23 20:40:57,722 - backtesting.portfolio - INFO - Bought 155 shares of PG at $168.58
2025-08-23 20:40:57,840 - backtesting.portfolio - INFO - Sold 67 shares of MSFT at $300.84
2025-08-23 20:40:57,840 - backtesting.portfolio - INFO - Sold 56 shares of JNJ at $203.94
2025-08-23 20:40:57,841 - backtesting.portfolio - INFO - Sold 59 shares of WMT at $224.58
2025-08-23 20:40:57,841 - backtesting.portfolio - INFO - Sold 155 shares of PG at $134.95
2025-08-23 20:40:57,842 - backtesting.portfolio - INFO - Sold 297 shares of KO at $115.60
2025-08-23 20:40:57,842 - backtesting.portfolio - INFO - Bought 117 shares of GOOGL at $142.16
2025-08-23 20:40:57,842 - backtesting.portfolio - INFO - Bought 97 shares of NVDA at $171.18
2025-08-23 20:40:57,842 - backtesting.portfolio - INFO - Bought 122 shares of META at $135.80
2025-08-23 20:40:57,842 - backtesting.portfolio - INFO - Bought 57 shares of JPM at $288.26
2025-08-23 20:40:57,843 - backtesting.portfolio - INFO - Bought 66 shares of AMZN at $250.51
2025-08-23 20:40:57,843 - backtesting.portfolio - INFO - Bought 29 shares of BRK.B at $571.67
2025-08-23 20:40:57,892 - backtesting.portfolio - INFO - Sold 12 shares of GOOGL at $141.43
2025-08-23 20:40:57,892 - backtesting.portfolio - INFO - Sold 8 shares of JNJ at $204.19
2025-08-23 20:40:57,892 - backtesting.portfolio - INFO - Sold 10 shares of NVDA at $170.94
2025-08-23 20:40:57,893 - backtesting.portfolio - INFO - Sold 17 shares of META at $141.38
2025-08-23 20:40:57,893 - backtesting.portfolio - INFO - Sold 7 shares of WMT at $222.09
2025-08-23 20:40:57,894 - backtesting.portfolio - INFO - Sold 6 shares of JPM at $288.64
2025-08-23 20:40:57,894 - backtesting.portfolio - INFO - Sold 8 shares of AMZN at $255.88
2025-08-23 20:40:57,894 - backtesting.portfolio - INFO - Sold 4 shares of BRK.B at $583.22
2025-08-23 20:40:57,895 - backtesting.portfolio - INFO - Bought 97 shares of AAPL at $152.64
2025-08-23 20:40:58,018 - backtesting.portfolio - INFO - Sold 73 shares of JNJ at $205.03
2025-08-23 20:40:58,019 - backtesting.portfolio - INFO - Sold 87 shares of NVDA at $199.15
2025-08-23 20:40:58,019 - backtesting.portfolio - INFO - Sold 105 shares of META at $138.11
2025-08-23 20:40:58,019 - backtesting.portfolio - INFO - Sold 97 shares of AAPL at $168.91
2025-08-23 20:40:58,019 - backtesting.portfolio - INFO - Sold 25 shares of BRK.B at $768.31
2025-08-23 20:40:58,019 - backtesting.portfolio - INFO - Bought 36 shares of GOOGL at $176.77
2025-08-23 20:40:58,020 - backtesting.portfolio - INFO - Bought 66 shares of MSFT at $378.55
2025-08-23 20:40:58,020 - backtesting.portfolio - INFO - Bought 33 shares of WMT at $249.73
2025-08-23 20:40:58,020 - backtesting.portfolio - INFO - Bought 203 shares of PG at $123.18
2025-08-23 20:40:58,020 - backtesting.portfolio - INFO - Bought 42 shares of JPM at $266.93
2025-08-23 20:40:58,020 - backtesting.portfolio - INFO - Bought 24 shares of AMZN at $304.42
2025-08-23 20:40:58,072 - backtesting.portfolio - INFO - Sold 20 shares of GOOGL at $178.45
2025-08-23 20:40:58,073 - backtesting.portfolio - INFO - Sold 10 shares of MSFT at $384.08
2025-08-23 20:40:58,073 - backtesting.portfolio - INFO - Sold 15 shares of WMT at $254.72
2025-08-23 20:40:58,073 - backtesting.portfolio - INFO - Sold 26 shares of PG at $122.21
2025-08-23 20:40:58,074 - backtesting.portfolio - INFO - Sold 14 shares of JPM at $274.65
2025-08-23 20:40:58,074 - backtesting.portfolio - INFO - Sold 13 shares of AMZN at $311.64
2025-08-23 20:40:58,074 - backtesting.portfolio - INFO - Bought 104 shares of JNJ at $208.22
2025-08-23 20:40:58,212 - backtesting.portfolio - INFO - Sold 23 shares of GOOGL at $249.35
2025-08-23 20:40:58,212 - backtesting.portfolio - INFO - Sold 5 shares of MSFT at $473.07
2025-08-23 20:40:58,212 - backtesting.portfolio - INFO - Sold 104 shares of JNJ at $218.69
2025-08-23 20:40:58,213 - backtesting.portfolio - INFO - Sold 177 shares of PG at $135.45
2025-08-23 20:40:58,213 - backtesting.portfolio - INFO - Bought 7 shares of WMT at $264.00
2025-08-23 20:40:58,213 - backtesting.portfolio - INFO - Bought 7 shares of JPM at $284.29
2025-08-23 20:40:58,213 - backtesting.portfolio - INFO - Bought 6 shares of AMZN at $325.27
2025-08-23 20:40:58,213 - backtesting.portfolio - INFO - Bought 280 shares of KO at $87.37
2025-08-23 20:40:58,213 - backtesting.portfolio - INFO - Bought 28 shares of BRK.B at $855.45
2025-08-23 20:40:58,332 - backtesting.portfolio - INFO - Sold 98 shares of GOOGL at $189.93
2025-08-23 20:40:58,332 - backtesting.portfolio - INFO - Sold 92 shares of WMT at $266.35
2025-08-23 20:40:58,333 - backtesting.portfolio - INFO - Sold 86 shares of JPM at $228.11
2025-08-23 20:40:58,333 - backtesting.portfolio - INFO - Sold 75 shares of AMZN at $273.01
2025-08-23 20:40:58,334 - backtesting.portfolio - INFO - Sold 280 shares of KO at $74.63
2025-08-23 20:40:58,334 - backtesting.portfolio - INFO - Sold 28 shares of BRK.B at $888.69
2025-08-23 20:40:58,336 - backtesting.portfolio - INFO - Bought 364 shares of TSLA at $105.68
2025-08-23 20:40:58,337 - backtesting.portfolio - INFO - Bought 238 shares of AAPL at $161.31
2025-08-23 20:40:58,340 - backtesting.portfolio - INFO - Bought 111 shares of SPY at $346.43
2025-08-23 20:40:58,341 - backtesting.portfolio - INFO - Bought 32 shares of MSFT at $461.86
2025-08-23 20:40:58,485 - backtesting.portfolio - INFO - Sold 83 shares of MSFT at $549.67
2025-08-23 20:40:58,485 - backtesting.portfolio - INFO - Sold 238 shares of AAPL at $196.40
2025-08-23 20:40:58,486 - backtesting.portfolio - INFO - Bought 25 shares of TSLA at $114.50
2025-08-23 20:40:58,486 - backtesting.portfolio - INFO - Bought 212 shares of GOOGL at $209.47
2025-08-23 20:40:58,486 - backtesting.portfolio - INFO - Bought 491 shares of KO at $90.74
2025-08-23 20:40:58,604 - backtesting.portfolio - INFO - Sold 86 shares of TSLA at $114.24
2025-08-23 20:40:58,604 - backtesting.portfolio - INFO - Sold 50 shares of GOOGL at $213.71
2025-08-23 20:40:58,604 - backtesting.portfolio - INFO - Sold 491 shares of KO at $78.15
2025-08-23 20:40:58,605 - backtesting.portfolio - INFO - Sold 111 shares of SPY at $403.39
2025-08-23 20:40:58,605 - backtesting.portfolio - INFO - Bought 140 shares of JNJ at $247.14
2025-08-23 20:40:58,605 - backtesting.portfolio - INFO - Bought 328 shares of META at $105.44
2025-08-23 20:40:58,605 - backtesting.portfolio - INFO - Bought 116 shares of AAPL at $296.03
2025-08-23 20:40:58,717 - backtesting.portfolio - INFO - Sold 162 shares of GOOGL at $177.10
2025-08-23 20:40:58,717 - backtesting.portfolio - INFO - Sold 19 shares of JNJ at $258.35
2025-08-23 20:40:58,717 - backtesting.portfolio - INFO - Sold 303 shares of TSLA at $98.12
2025-08-23 20:40:58,717 - backtesting.portfolio - INFO - Sold 328 shares of META at $86.16
2025-08-23 20:40:58,718 - backtesting.portfolio - INFO - Sold 116 shares of AAPL at $293.18
2025-08-23 20:40:58,718 - backtesting.portfolio - INFO - Bought 54 shares of MSFT at $581.85
2025-08-23 20:40:58,718 - backtesting.portfolio - INFO - Bought 140 shares of PG at $223.83
2025-08-23 20:40:58,718 - backtesting.portfolio - INFO - Bought 109 shares of JPM at $286.50
2025-08-23 20:40:58,718 - backtesting.portfolio - INFO - Bought 71 shares of SPY at $437.41
2025-08-23 20:40:58,831 - backtesting.portfolio - INFO - Sold 54 shares of MSFT at $507.60
2025-08-23 20:40:58,831 - backtesting.portfolio - INFO - Sold 121 shares of JNJ at $275.83
2025-08-23 20:40:58,832 - backtesting.portfolio - INFO - Sold 17 shares of PG at $251.70
2025-08-23 20:40:58,832 - backtesting.portfolio - INFO - Sold 109 shares of JPM at $290.01
2025-08-23 20:40:58,832 - backtesting.portfolio - INFO - Sold 71 shares of SPY at $383.82
2025-08-23 20:40:58,832 - backtesting.portfolio - INFO - Bought 178 shares of GOOGL at $174.02
2025-08-23 20:40:58,833 - backtesting.portfolio - INFO - Bought 90 shares of WMT at $342.45
2025-08-23 20:40:58,833 - backtesting.portfolio - INFO - Bought 78 shares of AAPL at $396.74
2025-08-23 20:40:58,833 - backtesting.portfolio - INFO - Bought 452 shares of KO at $68.73
2025-08-23 20:40:58,877 - backtesting.portfolio - INFO - Sold 6 shares of GOOGL at $179.06
2025-08-23 20:40:58,879 - backtesting.portfolio - INFO - Bought 2 shares of PG at $246.12
2025-08-23 20:40:58,879 - backtesting.portfolio - INFO - Bought 3 shares of KO at $67.92
2025-08-23 20:40:58,990 - backtesting.portfolio - INFO - Sold 172 shares of GOOGL at $169.82
2025-08-23 20:40:58,990 - backtesting.portfolio - INFO - Sold 90 shares of WMT at $219.02
2025-08-23 20:40:58,991 - backtesting.portfolio - INFO - Sold 125 shares of PG at $171.63
2025-08-23 20:40:58,991 - backtesting.portfolio - INFO - Sold 78 shares of AAPL at $415.40
2025-08-23 20:40:58,991 - backtesting.portfolio - INFO - Sold 455 shares of KO at $79.14
2025-08-23 20:40:58,991 - backtesting.portfolio - INFO - Bought 255 shares of NVDA at $272.85
2025-08-23 20:40:58,991 - backtesting.portfolio - INFO - Bought 62 shares of BRK.B at $1118.42
2025-08-23 20:40:59,045 - backtesting.portfolio - INFO - Sold 88 shares of NVDA at $273.85
2025-08-23 20:40:59,045 - backtesting.portfolio - INFO - Sold 62 shares of BRK.B at $1091.57
2025-08-23 20:40:59,046 - backtesting.portfolio - INFO - Bought 106 shares of AAPL at $431.51
2025-08-23 20:40:59,046 - backtesting.portfolio - INFO - Bought 578 shares of KO at $79.52
2025-08-23 20:40:59,156 - backtesting.portfolio - INFO - Sold 70 shares of AAPL at $603.38
2025-08-23 20:40:59,156 - backtesting.portfolio - INFO - Sold 578 shares of KO at $76.22
2025-08-23 20:40:59,156 - backtesting.portfolio - INFO - Sold 88 shares of NVDA at $278.07
2025-08-23 20:40:59,156 - backtesting.portfolio - INFO - Bought 65 shares of JNJ at $337.83
2025-08-23 20:40:59,157 - backtesting.portfolio - INFO - Bought 91 shares of WMT at $240.35
2025-08-23 20:40:59,157 - backtesting.portfolio - INFO - Bought 115 shares of PG at $192.11
2025-08-23 20:40:59,157 - backtesting.portfolio - INFO - Bought 62 shares of AMZN at $353.47
2025-08-23 20:40:59,157 - backtesting.portfolio - INFO - Bought 66 shares of SPY at $331.95
2025-08-23 20:40:59,203 - backtesting.portfolio - INFO - Sold 2 shares of JNJ at $347.46
2025-08-23 20:40:59,204 - backtesting.portfolio - INFO - Sold 1 shares of NVDA at $281.86
2025-08-23 20:40:59,204 - backtesting.portfolio - INFO - Bought 1 shares of AAPL at $594.59
2025-08-23 20:40:59,204 - backtesting.portfolio - INFO - Bought 1 shares of AMZN at $351.10
2025-08-23 20:40:59,204 - backtesting.portfolio - INFO - Bought 1 shares of SPY at $328.79
2025-08-23 20:40:59,422 - backtesting.portfolio - INFO - Sold 11 shares of JNJ at $367.65
2025-08-23 20:40:59,422 - backtesting.portfolio - INFO - Sold 78 shares of NVDA at $260.72
2025-08-23 20:40:59,423 - backtesting.portfolio - INFO - Sold 91 shares of WMT at $221.21
2025-08-23 20:40:59,423 - backtesting.portfolio - INFO - Sold 6 shares of AAPL at $607.53
2025-08-23 20:40:59,423 - backtesting.portfolio - INFO - Sold 22 shares of PG at $206.33
2025-08-23 20:40:59,424 - backtesting.portfolio - INFO - Sold 3 shares of AMZN at $318.87
2025-08-23 20:40:59,424 - backtesting.portfolio - INFO - Sold 11 shares of SPY at $340.85
2025-08-23 20:40:59,424 - backtesting.portfolio - INFO - Bought 34 shares of MSFT at $563.22
2025-08-23 20:40:59,424 - backtesting.portfolio - INFO - Bought 459 shares of META at $41.81
2025-08-23 20:40:59,425 - backtesting.portfolio - INFO - Bought 176 shares of KO at $108.97
2025-08-23 20:40:59,492 - backtesting.portfolio - INFO - Sold 1 shares of MSFT at $570.84
2025-08-23 20:40:59,492 - backtesting.portfolio - INFO - Sold 2 shares of JNJ at $379.01
2025-08-23 20:40:59,494 - backtesting.portfolio - INFO - Sold 1 shares of AAPL at $627.62
2025-08-23 20:40:59,494 - backtesting.portfolio - INFO - Bought 15 shares of META at $40.63
2025-08-23 20:40:59,561 - backtesting.portfolio - INFO - Sold 60 shares of AMZN at $314.85
2025-08-23 20:40:59,563 - backtesting.portfolio - INFO - Bought 5 shares of MSFT at $576.53
2025-08-23 20:40:59,563 - backtesting.portfolio - INFO - Bought 9 shares of JNJ at $372.66
2025-08-23 20:40:59,564 - backtesting.portfolio - INFO - Bought 66 shares of META at $40.74
2025-08-23 20:40:59,564 - backtesting.portfolio - INFO - Bought 5 shares of AAPL at $623.17
2025-08-23 20:40:59,565 - backtesting.portfolio - INFO - Bought 12 shares of PG at $208.91
2025-08-23 20:40:59,565 - backtesting.portfolio - INFO - Bought 29 shares of KO at $107.44
2025-08-23 20:40:59,566 - backtesting.portfolio - INFO - Bought 7 shares of SPY at $347.39
2025-08-23 20:40:59,686 - backtesting.engine - INFO - Backtest execution completed successfully
2025-08-23 20:40:59,728 - utils.visualizer - INFO - Complete report generated: outputs\reports\Custom_Strategy_Backtest_20250823_204059.html
2025-08-23 20:43:05,627 - backtesting.engine - INFO - Starting backtest execution
2025-08-23 20:43:07,217 - backtesting.engine - INFO - Loaded data: 18270 records, 14 symbols
2025-08-23 20:43:07,220 - strategies.strategy_combiner - INFO - Created strategy: Momentum
2025-08-23 20:43:07,220 - strategies.strategy_combiner - INFO - Combined 1 strategies
2025-08-23 20:43:07,488 - backtesting.portfolio - INFO - Bought 156044 shares of GOOGL at $128.17
2025-08-23 20:43:07,489 - backtesting.portfolio - INFO - Bought 76415 shares of MSFT at $261.73
2025-08-23 20:43:07,490 - backtesting.portfolio - INFO - Bought 42088 shares of NVDA at $475.18
2025-08-23 20:43:07,490 - backtesting.portfolio - INFO - Bought 133295 shares of JPM at $150.04
2025-08-23 20:43:07,491 - backtesting.portfolio - INFO - Bought 65363 shares of BRK.B at $304.46
2025-08-23 20:43:07,552 - backtesting.portfolio - INFO - Sold 5 shares of GOOGL at $129.45
2025-08-23 20:43:07,553 - backtesting.portfolio - INFO - Sold 4911 shares of JPM at $157.33
2025-08-23 20:43:07,553 - backtesting.portfolio - INFO - Bought 1469 shares of MSFT at $259.34
2025-08-23 20:43:07,553 - backtesting.portfolio - INFO - Bought 668 shares of NVDA at $472.42
2025-08-23 20:43:07,553 - backtesting.portfolio - INFO - Bought 245 shares of BRK.B at $307.85
2025-08-23 20:43:07,612 - backtesting.portfolio - INFO - Sold 26990 shares of GOOGL at $129.90
2025-08-23 20:43:07,613 - backtesting.portfolio - INFO - Sold 77884 shares of MSFT at $256.40
2025-08-23 20:43:07,613 - backtesting.portfolio - INFO - Sold 6851 shares of NVDA at $466.88
2025-08-23 20:43:07,613 - backtesting.portfolio - INFO - Sold 17661 shares of JPM at $151.40
2025-08-23 20:43:07,614 - backtesting.portfolio - INFO - Sold 13095 shares of BRK.B at $319.22
2025-08-23 20:43:07,614 - backtesting.portfolio - INFO - Bought 71223 shares of META at $235.37
2025-08-23 20:43:07,614 - backtesting.portfolio - INFO - Bought 134737 shares of AAPL at $123.93
2025-08-23 20:43:07,757 - backtesting.portfolio - INFO - Sold 129049 shares of GOOGL at $152.50
2025-08-23 20:43:07,757 - backtesting.portfolio - INFO - Sold 35905 shares of NVDA at $383.01
2025-08-23 20:43:07,757 - backtesting.portfolio - INFO - Sold 71223 shares of META at $170.67
2025-08-23 20:43:07,757 - backtesting.portfolio - INFO - Sold 4893 shares of BRK.B at $452.56
2025-08-23 20:43:07,758 - backtesting.portfolio - INFO - Bought 70577 shares of MSFT at $305.35
2025-08-23 20:43:07,758 - backtesting.portfolio - INFO - Bought 31242 shares of AAPL at $129.84
2025-08-23 20:43:07,758 - backtesting.portfolio - INFO - Bought 3403 shares of JPM at $188.83
2025-08-23 20:43:07,758 - backtesting.portfolio - INFO - Bought 55394 shares of SPY at $387.34
2025-08-23 20:43:07,815 - backtesting.portfolio - INFO - Sold 1934 shares of MSFT at $314.37
2025-08-23 20:43:07,816 - backtesting.portfolio - INFO - Sold 1243 shares of SPY at $398.50
2025-08-23 20:43:07,816 - backtesting.portfolio - INFO - Bought 5451 shares of AAPL at $125.88
2025-08-23 20:43:07,816 - backtesting.portfolio - INFO - Bought 1679 shares of JPM at $186.35
2025-08-23 20:43:07,817 - backtesting.portfolio - INFO - Bought 226 shares of BRK.B at $450.99
2025-08-23 20:43:07,883 - backtesting.portfolio - INFO - Sold 10799 shares of MSFT at $308.57
2025-08-23 20:43:07,884 - backtesting.portfolio - INFO - Sold 29901 shares of AAPL at $126.12
2025-08-23 20:43:07,884 - backtesting.portfolio - INFO - Sold 19734 shares of JPM at $185.79
2025-08-23 20:43:07,884 - backtesting.portfolio - INFO - Sold 8452 shares of SPY at $390.57
2025-08-23 20:43:07,885 - backtesting.portfolio - INFO - Sold 8360 shares of BRK.B at $452.03
2025-08-23 20:43:07,885 - backtesting.portfolio - INFO - Bought 133606 shares of PG at $133.33
2025-08-23 20:43:08,046 - backtesting.portfolio - INFO - Sold 57844 shares of MSFT at $328.53
2025-08-23 20:43:08,047 - backtesting.portfolio - INFO - Sold 32481 shares of AAPL at $139.41
2025-08-23 20:43:08,047 - backtesting.portfolio - INFO - Sold 51786 shares of PG at $185.80
2025-08-23 20:43:08,048 - backtesting.portfolio - INFO - Sold 96071 shares of JPM at $178.44
2025-08-23 20:43:08,048 - backtesting.portfolio - INFO - Sold 12998 shares of SPY at $464.87
2025-08-23 20:43:08,049 - backtesting.portfolio - INFO - Sold 8972 shares of BRK.B at $498.18
2025-08-23 20:43:08,050 - backtesting.portfolio - INFO - Bought 83707 shares of JNJ at $181.61
2025-08-23 20:43:08,050 - backtesting.portfolio - INFO - Bought 89413 shares of META at $170.02
2025-08-23 20:43:08,050 - backtesting.portfolio - INFO - Bought 88448 shares of WMT at $171.87
2025-08-23 20:43:08,051 - backtesting.portfolio - INFO - Bought 247390 shares of KO at $60.96
2025-08-23 20:43:08,109 - backtesting.portfolio - INFO - Sold 109048 shares of AAPL at $137.01
2025-08-23 20:43:08,110 - backtesting.portfolio - INFO - Bought 9421 shares of JNJ at $188.35
2025-08-23 20:43:08,110 - backtesting.portfolio - INFO - Bought 13253 shares of META at $170.85
2025-08-23 20:43:08,110 - backtesting.portfolio - INFO - Bought 12643 shares of WMT at $173.51
2025-08-23 20:43:08,111 - backtesting.portfolio - INFO - Bought 10709 shares of PG at $189.57
2025-08-23 20:43:08,111 - backtesting.portfolio - INFO - Bought 33536 shares of KO at $62.44
2025-08-23 20:43:08,111 - backtesting.portfolio - INFO - Bought 4826 shares of SPY at $467.41
2025-08-23 20:43:08,111 - backtesting.portfolio - INFO - Bought 4610 shares of BRK.B at $498.56
2025-08-23 20:43:08,171 - backtesting.portfolio - INFO - Sold 128 shares of WMT at $174.24
2025-08-23 20:43:08,172 - backtesting.portfolio - INFO - Sold 5726 shares of KO at $63.93
2025-08-23 20:43:08,172 - backtesting.portfolio - INFO - Sold 862 shares of SPY at $479.80
2025-08-23 20:43:08,173 - backtesting.portfolio - INFO - Sold 871 shares of BRK.B at $513.59
2025-08-23 20:43:08,173 - backtesting.portfolio - INFO - Bought 2742 shares of JNJ at $183.50
2025-08-23 20:43:08,174 - backtesting.portfolio - INFO - Bought 1030 shares of META at $169.65
2025-08-23 20:43:08,174 - backtesting.portfolio - INFO - Bought 3093 shares of PG at $183.96
2025-08-23 20:43:08,387 - backtesting.portfolio - INFO - Sold 95870 shares of JNJ at $197.53
2025-08-23 20:43:08,389 - backtesting.portfolio - INFO - Sold 103696 shares of META at $145.21
2025-08-23 20:43:08,394 - backtesting.portfolio - INFO - Sold 100963 shares of WMT at $163.49
2025-08-23 20:43:08,399 - backtesting.portfolio - INFO - Sold 11305 shares of PG at $177.69
2025-08-23 20:43:08,404 - backtesting.portfolio - INFO - Sold 29481 shares of KO at $60.97
2025-08-23 20:43:08,410 - backtesting.portfolio - INFO - Sold 5116 shares of SPY at $474.88
2025-08-23 20:43:08,416 - backtesting.portfolio - INFO - Sold 6013 shares of BRK.B at $530.53
2025-08-23 20:43:08,422 - backtesting.portfolio - INFO - Bought 143845 shares of TSLA at $104.15
2025-08-23 20:43:08,430 - backtesting.portfolio - INFO - Bought 91163 shares of AAPL at $164.34
2025-08-23 20:43:08,435 - backtesting.portfolio - INFO - Bought 62000 shares of JPM at $241.64
2025-08-23 20:43:08,442 - backtesting.portfolio - INFO - Bought 83383 shares of AMZN at $178.25
2025-08-23 20:43:08,529 - backtesting.portfolio - INFO - Sold 2003 shares of TSLA at $104.71
2025-08-23 20:43:08,531 - backtesting.portfolio - INFO - Sold 45 shares of PG at $176.23
2025-08-23 20:43:08,533 - backtesting.portfolio - INFO - Sold 91163 shares of AAPL at $153.77
2025-08-23 20:43:08,536 - backtesting.portfolio - INFO - Sold 2790 shares of JPM at $250.83
2025-08-23 20:43:08,539 - backtesting.portfolio - INFO - Sold 393 shares of BRK.B at $533.32
2025-08-23 20:43:08,543 - backtesting.portfolio - INFO - Bought 74654 shares of JNJ at $198.94
2025-08-23 20:43:08,548 - backtesting.portfolio - INFO - Bought 853 shares of AMZN at $176.31
2025-08-23 20:43:08,552 - backtesting.portfolio - INFO - Bought 1533 shares of KO at $60.07
2025-08-23 20:43:08,554 - backtesting.portfolio - INFO - Bought 44 shares of SPY at $469.14
2025-08-23 20:43:08,837 - backtesting.portfolio - INFO - Sold 2216 shares of JNJ at $248.79
2025-08-23 20:43:08,838 - backtesting.portfolio - INFO - Sold 141842 shares of TSLA at $114.58
2025-08-23 20:43:08,839 - backtesting.portfolio - INFO - Sold 59210 shares of JPM at $254.69
2025-08-23 20:43:08,840 - backtesting.portfolio - INFO - Sold 247252 shares of KO at $67.23
2025-08-23 20:43:08,841 - backtesting.portfolio - INFO - Bought 40700 shares of MSFT at $442.80
2025-08-23 20:43:08,841 - backtesting.portfolio - INFO - Bought 102059 shares of AAPL at $176.58
2025-08-23 20:43:08,841 - backtesting.portfolio - INFO - Bought 23516 shares of PG at $167.20
2025-08-23 20:43:08,842 - backtesting.portfolio - INFO - Bought 8141 shares of AMZN at $195.09
2025-08-23 20:43:08,842 - backtesting.portfolio - INFO - Bought 9874 shares of SPY at $434.60
2025-08-23 20:43:08,842 - backtesting.portfolio - INFO - Bought 4629 shares of BRK.B at $551.95
2025-08-23 20:43:08,933 - backtesting.portfolio - INFO - Sold 41467 shares of SPY at $417.67
2025-08-23 20:43:08,946 - backtesting.portfolio - INFO - Bought 5848 shares of MSFT at $450.75
2025-08-23 20:43:08,947 - backtesting.portfolio - INFO - Bought 12243 shares of JNJ at $247.77
2025-08-23 20:43:08,948 - backtesting.portfolio - INFO - Bought 14016 shares of AAPL at $180.76
2025-08-23 20:43:08,949 - backtesting.portfolio - INFO - Bought 14363 shares of PG at $171.77
2025-08-23 20:43:08,950 - backtesting.portfolio - INFO - Bought 17233 shares of AMZN at $191.42
2025-08-23 20:43:08,950 - backtesting.portfolio - INFO - Bought 6108 shares of BRK.B at $542.91
2025-08-23 20:43:09,022 - backtesting.portfolio - INFO - Sold 84681 shares of JNJ at $242.09
2025-08-23 20:43:09,023 - backtesting.portfolio - INFO - Bought 8981 shares of MSFT at $456.46
2025-08-23 20:43:09,023 - backtesting.portfolio - INFO - Bought 21896 shares of AAPL at $183.71
2025-08-23 20:43:09,023 - backtesting.portfolio - INFO - Bought 24513 shares of PG at $172.83
2025-08-23 20:43:09,024 - backtesting.portfolio - INFO - Bought 19815 shares of AMZN at $195.84
2025-08-23 20:43:09,024 - backtesting.portfolio - INFO - Bought 7723 shares of BRK.B at $546.49
2025-08-23 20:43:09,183 - backtesting.portfolio - INFO - Sold 55529 shares of MSFT at $401.52
2025-08-23 20:43:09,184 - backtesting.portfolio - INFO - Sold 30534 shares of PG at $212.73
2025-08-23 20:43:09,184 - backtesting.portfolio - INFO - Sold 9077 shares of AAPL at $191.66
2025-08-23 20:43:09,185 - backtesting.portfolio - INFO - Sold 129425 shares of AMZN at $176.24
2025-08-23 20:43:09,185 - backtesting.portfolio - INFO - Sold 46307 shares of BRK.B at $448.55
2025-08-23 20:43:09,185 - backtesting.portfolio - INFO - Bought 167802 shares of META at $147.22
2025-08-23 20:43:09,186 - backtesting.portfolio - INFO - Bought 72684 shares of JPM at $339.88
2025-08-23 20:43:09,186 - backtesting.portfolio - INFO - Bought 55842 shares of SPY at $439.75
2025-08-23 20:43:09,281 - backtesting.portfolio - INFO - Sold 49192 shares of META at $149.15
2025-08-23 20:43:09,282 - backtesting.portfolio - INFO - Sold 30834 shares of PG at $207.40
2025-08-23 20:43:09,282 - backtesting.portfolio - INFO - Sold 37538 shares of AAPL at $193.64
2025-08-23 20:43:09,282 - backtesting.portfolio - INFO - Sold 22898 shares of JPM at $355.33
2025-08-23 20:43:09,283 - backtesting.portfolio - INFO - Sold 14568 shares of SPY at $428.61
2025-08-23 20:43:09,283 - backtesting.portfolio - INFO - Bought 142902 shares of GOOGL at $123.79
2025-08-23 20:43:09,283 - backtesting.portfolio - INFO - Bought 70116 shares of JNJ at $251.30
2025-08-23 20:43:09,331 - backtesting.portfolio - INFO - Sold 70116 shares of JNJ at $249.71
2025-08-23 20:43:09,332 - backtesting.portfolio - INFO - Bought 20447 shares of GOOGL at $126.93
2025-08-23 20:43:09,332 - backtesting.portfolio - INFO - Bought 18211 shares of META at $151.55
2025-08-23 20:43:09,332 - backtesting.portfolio - INFO - Bought 16487 shares of PG at $203.71
2025-08-23 20:43:09,333 - backtesting.portfolio - INFO - Bought 18567 shares of AAPL at $188.63
2025-08-23 20:43:09,333 - backtesting.portfolio - INFO - Bought 7952 shares of JPM at $359.11
2025-08-23 20:43:09,333 - backtesting.portfolio - INFO - Bought 5417 shares of SPY at $443.34
2025-08-23 20:43:09,527 - backtesting.portfolio - INFO - Sold 163349 shares of GOOGL at $120.50
2025-08-23 20:43:09,528 - backtesting.portfolio - INFO - Sold 136821 shares of META at $114.59
2025-08-23 20:43:09,528 - backtesting.portfolio - INFO - Sold 101783 shares of PG at $144.58
2025-08-23 20:43:09,528 - backtesting.portfolio - INFO - Sold 109923 shares of AAPL at $191.45
2025-08-23 20:43:09,528 - backtesting.portfolio - INFO - Sold 57738 shares of JPM at $244.80
2025-08-23 20:43:09,529 - backtesting.portfolio - INFO - Bought 324074 shares of AMZN at $176.40
2025-08-23 20:43:09,529 - backtesting.portfolio - INFO - Bought 44834 shares of SPY at $622.73
2025-08-23 20:43:09,614 - backtesting.portfolio - INFO - Sold 112418 shares of AMZN at $179.03
2025-08-23 20:43:09,614 - backtesting.portfolio - INFO - Sold 29215 shares of SPY at $608.12
2025-08-23 20:43:09,614 - backtesting.portfolio - INFO - Bought 529690 shares of KO at $71.39
2025-08-23 20:43:09,766 - backtesting.portfolio - INFO - Sold 211656 shares of AMZN at $224.36
2025-08-23 20:43:09,766 - backtesting.portfolio - INFO - Sold 232369 shares of KO at $88.04
2025-08-23 20:43:09,767 - backtesting.portfolio - INFO - Sold 62310 shares of SPY at $589.93
2025-08-23 20:43:09,767 - backtesting.portfolio - INFO - Bought 67680 shares of MSFT at $386.75
2025-08-23 20:43:09,767 - backtesting.portfolio - INFO - Bought 137950 shares of JNJ at $189.75
2025-08-23 20:43:09,768 - backtesting.portfolio - INFO - Bought 133901 shares of WMT at $195.48
2025-08-23 20:43:09,768 - backtesting.portfolio - INFO - Bought 154034 shares of PG at $168.58
2025-08-23 20:43:09,954 - backtesting.portfolio - INFO - Sold 67680 shares of MSFT at $300.84
2025-08-23 20:43:09,958 - backtesting.portfolio - INFO - Sold 55987 shares of JNJ at $203.94
2025-08-23 20:43:09,961 - backtesting.portfolio - INFO - Sold 59472 shares of WMT at $224.58
2025-08-23 20:43:09,966 - backtesting.portfolio - INFO - Sold 154034 shares of PG at $134.95
2025-08-23 20:43:09,966 - backtesting.portfolio - INFO - Sold 297321 shares of KO at $115.60
2025-08-23 20:43:09,967 - backtesting.portfolio - INFO - Bought 117580 shares of GOOGL at $142.16
2025-08-23 20:43:09,967 - backtesting.portfolio - INFO - Bought 97645 shares of NVDA at $171.18
2025-08-23 20:43:09,967 - backtesting.portfolio - INFO - Bought 123092 shares of META at $135.80
2025-08-23 20:43:09,968 - backtesting.portfolio - INFO - Bought 57988 shares of JPM at $288.26
2025-08-23 20:43:09,968 - backtesting.portfolio - INFO - Bought 66725 shares of AMZN at $250.51
2025-08-23 20:43:09,968 - backtesting.portfolio - INFO - Bought 28890 shares of BRK.B at $571.67
2025-08-23 20:43:10,014 - backtesting.portfolio - INFO - Sold 11797 shares of GOOGL at $141.43
2025-08-23 20:43:10,015 - backtesting.portfolio - INFO - Sold 8694 shares of JNJ at $204.19
2025-08-23 20:43:10,015 - backtesting.portfolio - INFO - Sold 10123 shares of NVDA at $170.94
2025-08-23 20:43:10,015 - backtesting.portfolio - INFO - Sold 17269 shares of META at $141.38
2025-08-23 20:43:10,016 - backtesting.portfolio - INFO - Sold 7065 shares of WMT at $222.09
2025-08-23 20:43:10,016 - backtesting.portfolio - INFO - Sold 6155 shares of JPM at $288.64
2025-08-23 20:43:10,016 - backtesting.portfolio - INFO - Sold 8257 shares of AMZN at $255.88
2025-08-23 20:43:10,016 - backtesting.portfolio - INFO - Sold 3238 shares of BRK.B at $583.22
2025-08-23 20:43:10,016 - backtesting.portfolio - INFO - Bought 97831 shares of AAPL at $152.64
2025-08-23 20:43:10,258 - backtesting.portfolio - INFO - Sold 73269 shares of JNJ at $205.03
2025-08-23 20:43:10,266 - backtesting.portfolio - INFO - Sold 87522 shares of NVDA at $199.15
2025-08-23 20:43:10,276 - backtesting.portfolio - INFO - Sold 105823 shares of META at $138.11
2025-08-23 20:43:10,285 - backtesting.portfolio - INFO - Sold 97831 shares of AAPL at $168.91
2025-08-23 20:43:10,297 - backtesting.portfolio - INFO - Sold 25652 shares of BRK.B at $768.31
2025-08-23 20:43:10,298 - backtesting.portfolio - INFO - Bought 36072 shares of GOOGL at $176.77
2025-08-23 20:43:10,299 - backtesting.portfolio - INFO - Bought 66243 shares of MSFT at $378.55
2025-08-23 20:43:10,301 - backtesting.portfolio - INFO - Bought 33051 shares of WMT at $249.73
2025-08-23 20:43:10,301 - backtesting.portfolio - INFO - Bought 203582 shares of PG at $123.18
2025-08-23 20:43:10,303 - backtesting.portfolio - INFO - Bought 42111 shares of JPM at $266.93
2025-08-23 20:43:10,305 - backtesting.portfolio - INFO - Bought 23359 shares of AMZN at $304.42
2025-08-23 20:43:10,365 - backtesting.portfolio - INFO - Sold 19757 shares of GOOGL at $178.45
2025-08-23 20:43:10,366 - backtesting.portfolio - INFO - Sold 9515 shares of MSFT at $384.08
2025-08-23 20:43:10,366 - backtesting.portfolio - INFO - Sold 14879 shares of WMT at $254.72
2025-08-23 20:43:10,366 - backtesting.portfolio - INFO - Sold 25303 shares of PG at $122.21
2025-08-23 20:43:10,366 - backtesting.portfolio - INFO - Sold 14613 shares of JPM at $274.65
2025-08-23 20:43:10,367 - backtesting.portfolio - INFO - Sold 11914 shares of AMZN at $311.64
2025-08-23 20:43:10,367 - backtesting.portfolio - INFO - Bought 104436 shares of JNJ at $208.22
2025-08-23 20:43:10,579 - backtesting.portfolio - INFO - Sold 23474 shares of GOOGL at $249.35
2025-08-23 20:43:10,579 - backtesting.portfolio - INFO - Sold 4745 shares of MSFT at $473.07
2025-08-23 20:43:10,580 - backtesting.portfolio - INFO - Sold 104436 shares of JNJ at $218.69
2025-08-23 20:43:10,580 - backtesting.portfolio - INFO - Sold 178279 shares of PG at $135.45
2025-08-23 20:43:10,580 - backtesting.portfolio - INFO - Bought 7615 shares of WMT at $264.00
2025-08-23 20:43:10,580 - backtesting.portfolio - INFO - Bought 7171 shares of JPM at $284.29
2025-08-23 20:43:10,580 - backtesting.portfolio - INFO - Bought 5691 shares of AMZN at $325.27
2025-08-23 20:43:10,580 - backtesting.portfolio - INFO - Bought 281452 shares of KO at $87.37
2025-08-23 20:43:10,581 - backtesting.portfolio - INFO - Bought 28619 shares of BRK.B at $855.45
2025-08-23 20:43:10,754 - backtesting.portfolio - INFO - Sold 98624 shares of GOOGL at $189.93
2025-08-23 20:43:10,754 - backtesting.portfolio - INFO - Sold 93151 shares of WMT at $266.35
2025-08-23 20:43:10,754 - backtesting.portfolio - INFO - Sold 86502 shares of JPM at $228.11
2025-08-23 20:43:10,754 - backtesting.portfolio - INFO - Sold 75604 shares of AMZN at $273.01
2025-08-23 20:43:10,755 - backtesting.portfolio - INFO - Sold 281452 shares of KO at $74.63
2025-08-23 20:43:10,755 - backtesting.portfolio - INFO - Sold 28619 shares of BRK.B at $888.69
2025-08-23 20:43:10,755 - backtesting.portfolio - INFO - Bought 365166 shares of TSLA at $105.68
2025-08-23 20:43:10,755 - backtesting.portfolio - INFO - Bought 239226 shares of AAPL at $161.31
2025-08-23 20:43:10,756 - backtesting.portfolio - INFO - Bought 111396 shares of SPY at $346.43
2025-08-23 20:43:10,756 - backtesting.portfolio - INFO - Bought 31009 shares of MSFT at $461.86
2025-08-23 20:43:10,946 - backtesting.portfolio - INFO - Sold 82992 shares of MSFT at $549.67
2025-08-23 20:43:10,947 - backtesting.portfolio - INFO - Sold 239226 shares of AAPL at $196.40
2025-08-23 20:43:10,947 - backtesting.portfolio - INFO - Bought 25259 shares of TSLA at $114.50
2025-08-23 20:43:10,947 - backtesting.portfolio - INFO - Bought 213412 shares of GOOGL at $209.47
2025-08-23 20:43:10,948 - backtesting.portfolio - INFO - Bought 492633 shares of KO at $90.74
2025-08-23 20:43:10,948 - backtesting.portfolio - INFO - Bought 297 shares of SPY at $398.58
2025-08-23 20:43:11,142 - backtesting.portfolio - INFO - Sold 86212 shares of TSLA at $114.24
2025-08-23 20:43:11,143 - backtesting.portfolio - INFO - Sold 50795 shares of GOOGL at $213.71
2025-08-23 20:43:11,143 - backtesting.portfolio - INFO - Sold 492633 shares of KO at $78.15
2025-08-23 20:43:11,143 - backtesting.portfolio - INFO - Sold 111693 shares of SPY at $403.39
2025-08-23 20:43:11,143 - backtesting.portfolio - INFO - Bought 140619 shares of JNJ at $247.14
2025-08-23 20:43:11,144 - backtesting.portfolio - INFO - Bought 329583 shares of META at $105.44
2025-08-23 20:43:11,144 - backtesting.portfolio - INFO - Bought 116692 shares of AAPL at $296.03
2025-08-23 20:43:11,254 - backtesting.portfolio - INFO - Sold 162617 shares of GOOGL at $177.10
2025-08-23 20:43:11,256 - backtesting.portfolio - INFO - Sold 18624 shares of JNJ at $258.35
2025-08-23 20:43:11,261 - backtesting.portfolio - INFO - Sold 304213 shares of TSLA at $98.12
2025-08-23 20:43:11,263 - backtesting.portfolio - INFO - Sold 329583 shares of META at $86.16
2025-08-23 20:43:11,266 - backtesting.portfolio - INFO - Sold 116692 shares of AAPL at $293.18
2025-08-23 20:43:11,270 - backtesting.portfolio - INFO - Bought 54167 shares of MSFT at $581.85
2025-08-23 20:43:11,274 - backtesting.portfolio - INFO - Bought 140807 shares of PG at $223.83
2025-08-23 20:43:11,278 - backtesting.portfolio - INFO - Bought 110006 shares of JPM at $286.50
2025-08-23 20:43:11,283 - backtesting.portfolio - INFO - Bought 71481 shares of SPY at $437.41
2025-08-23 20:43:11,402 - backtesting.portfolio - INFO - Sold 54167 shares of MSFT at $507.60
2025-08-23 20:43:11,403 - backtesting.portfolio - INFO - Sold 121995 shares of JNJ at $275.83
2025-08-23 20:43:11,403 - backtesting.portfolio - INFO - Sold 16910 shares of PG at $251.70
2025-08-23 20:43:11,403 - backtesting.portfolio - INFO - Sold 110006 shares of JPM at $290.01
2025-08-23 20:43:11,403 - backtesting.portfolio - INFO - Sold 71481 shares of SPY at $383.82
2025-08-23 20:43:11,404 - backtesting.portfolio - INFO - Bought 179202 shares of GOOGL at $174.02
2025-08-23 20:43:11,404 - backtesting.portfolio - INFO - Bought 91065 shares of WMT at $342.45
2025-08-23 20:43:11,404 - backtesting.portfolio - INFO - Bought 78602 shares of AAPL at $396.74
2025-08-23 20:43:11,404 - backtesting.portfolio - INFO - Bought 450120 shares of KO at $68.73
2025-08-23 20:43:11,472 - backtesting.portfolio - INFO - Sold 5779 shares of GOOGL at $179.06
2025-08-23 20:43:11,472 - backtesting.portfolio - INFO - Sold 99 shares of AAPL at $395.57
2025-08-23 20:43:11,473 - backtesting.portfolio - INFO - Bought 86 shares of WMT at $340.68
2025-08-23 20:43:11,473 - backtesting.portfolio - INFO - Bought 2277 shares of PG at $246.12
2025-08-23 20:43:11,474 - backtesting.portfolio - INFO - Bought 7098 shares of KO at $67.92
2025-08-23 20:43:11,625 - backtesting.portfolio - INFO - Sold 173423 shares of GOOGL at $169.82
2025-08-23 20:43:11,625 - backtesting.portfolio - INFO - Sold 91151 shares of WMT at $219.02
2025-08-23 20:43:11,626 - backtesting.portfolio - INFO - Sold 126174 shares of PG at $171.63
2025-08-23 20:43:11,626 - backtesting.portfolio - INFO - Sold 78503 shares of AAPL at $415.40
2025-08-23 20:43:11,626 - backtesting.portfolio - INFO - Sold 457218 shares of KO at $79.14
2025-08-23 20:43:11,626 - backtesting.portfolio - INFO - Bought 256294 shares of NVDA at $272.85
2025-08-23 20:43:11,626 - backtesting.portfolio - INFO - Bought 62276 shares of BRK.B at $1118.42
2025-08-23 20:43:11,682 - backtesting.portfolio - INFO - Sold 88118 shares of NVDA at $273.85
2025-08-23 20:43:11,683 - backtesting.portfolio - INFO - Sold 62276 shares of BRK.B at $1091.57
2025-08-23 20:43:11,683 - backtesting.portfolio - INFO - Bought 106730 shares of AAPL at $431.51
2025-08-23 20:43:11,683 - backtesting.portfolio - INFO - Bought 576869 shares of KO at $79.52
2025-08-23 20:43:11,782 - backtesting.portfolio - INFO - Sold 70001 shares of AAPL at $603.38
2025-08-23 20:43:11,787 - backtesting.portfolio - INFO - Sold 576869 shares of KO at $76.22
2025-08-23 20:43:11,792 - backtesting.portfolio - INFO - Sold 88477 shares of NVDA at $278.07
2025-08-23 20:43:11,796 - backtesting.portfolio - INFO - Bought 65602 shares of JNJ at $337.83
2025-08-23 20:43:11,797 - backtesting.portfolio - INFO - Bought 92210 shares of WMT at $240.35
2025-08-23 20:43:11,799 - backtesting.portfolio - INFO - Bought 115363 shares of PG at $192.11
2025-08-23 20:43:11,801 - backtesting.portfolio - INFO - Bought 62698 shares of AMZN at $353.47
2025-08-23 20:43:11,803 - backtesting.portfolio - INFO - Bought 66099 shares of SPY at $331.95
2025-08-23 20:43:11,853 - backtesting.portfolio - INFO - Sold 1745 shares of JNJ at $347.46
2025-08-23 20:43:11,853 - backtesting.portfolio - INFO - Sold 981 shares of NVDA at $281.86
2025-08-23 20:43:11,853 - backtesting.portfolio - INFO - Sold 873 shares of WMT at $242.92
2025-08-23 20:43:11,854 - backtesting.portfolio - INFO - Bought 587 shares of AAPL at $594.59
2025-08-23 20:43:11,854 - backtesting.portfolio - INFO - Bought 603 shares of PG at $191.33
2025-08-23 20:43:11,854 - backtesting.portfolio - INFO - Bought 497 shares of AMZN at $351.10
2025-08-23 20:43:11,854 - backtesting.portfolio - INFO - Bought 1380 shares of SPY at $328.79
2025-08-23 20:43:11,975 - backtesting.portfolio - INFO - Sold 11514 shares of JNJ at $367.65
2025-08-23 20:43:11,975 - backtesting.portfolio - INFO - Sold 78718 shares of NVDA at $260.72
2025-08-23 20:43:11,976 - backtesting.portfolio - INFO - Sold 91337 shares of WMT at $221.21
2025-08-23 20:43:11,976 - backtesting.portfolio - INFO - Sold 5640 shares of AAPL at $607.53
2025-08-23 20:43:11,976 - backtesting.portfolio - INFO - Sold 22696 shares of PG at $206.33
2025-08-23 20:43:11,976 - backtesting.portfolio - INFO - Sold 2844 shares of AMZN at $318.87
2025-08-23 20:43:11,977 - backtesting.portfolio - INFO - Sold 11020 shares of SPY at $340.85
2025-08-23 20:43:11,977 - backtesting.portfolio - INFO - Bought 34167 shares of MSFT at $563.22
2025-08-23 20:43:11,977 - backtesting.portfolio - INFO - Bought 460318 shares of META at $41.81
2025-08-23 20:43:11,978 - backtesting.portfolio - INFO - Bought 175557 shares of KO at $108.97
2025-08-23 20:43:12,082 - backtesting.portfolio - INFO - Sold 298 shares of MSFT at $570.84
2025-08-23 20:43:12,082 - backtesting.portfolio - INFO - Sold 1332 shares of JNJ at $379.01
2025-08-23 20:43:12,082 - backtesting.portfolio - INFO - Sold 871 shares of AAPL at $627.62
2025-08-23 20:43:12,083 - backtesting.portfolio - INFO - Bought 15551 shares of META at $40.63
2025-08-23 20:43:12,083 - backtesting.portfolio - INFO - Bought 685 shares of PG at $205.78
2025-08-23 20:43:12,084 - backtesting.portfolio - INFO - Bought 443 shares of AMZN at $318.03
2025-08-23 20:43:12,084 - backtesting.portfolio - INFO - Bought 1063 shares of KO at $109.47
2025-08-23 20:43:12,084 - backtesting.portfolio - INFO - Bought 557 shares of SPY at $339.08
2025-08-23 20:43:12,124 - backtesting.portfolio - INFO - Sold 60794 shares of AMZN at $314.85
2025-08-23 20:43:12,124 - backtesting.portfolio - INFO - Bought 4456 shares of MSFT at $576.53
2025-08-23 20:43:12,124 - backtesting.portfolio - INFO - Bought 8282 shares of JNJ at $372.66
2025-08-23 20:43:12,125 - backtesting.portfolio - INFO - Bought 66503 shares of META at $40.74
2025-08-23 20:43:12,125 - backtesting.portfolio - INFO - Bought 4652 shares of AAPL at $623.17
2025-08-23 20:43:12,125 - backtesting.portfolio - INFO - Bought 11812 shares of PG at $208.91
2025-08-23 20:43:12,125 - backtesting.portfolio - INFO - Bought 29036 shares of KO at $107.44
2025-08-23 20:43:12,125 - backtesting.portfolio - INFO - Bought 6483 shares of SPY at $347.39
2025-08-23 20:43:12,250 - backtesting.engine - INFO - Backtest execution completed successfully
2025-08-23 20:43:12,295 - utils.visualizer - INFO - Complete report generated: outputs\reports\Custom_Strategy_Backtest_20250823_204312.html
